<?xml version="1.0" encoding="UTF-8"?>
<!-- Generated by org.testng.reporters.JUnitReportReporter -->
<testsuite hostname="LAPTOP-AI95LTCT" failures="0" tests="1" name="testCases.TC_002_Login" time="8.498" errors="0" timestamp="2021-06-03T17:57:46 IST" skipped="0">
  <testcase classname="testCases.TC_002_Login" name="test_Login" time="8.498"/>
  <system-out/>
</testsuite> <!-- testCases.TC_002_Login -->
