<?xml version="1.0" encoding="UTF-8"?>
<!-- Generated by org.testng.reporters.JUnitReportReporter -->
<testsuite hostname="LAPTOP-AI95LTCT" failures="0" tests="1" name="testCases.TC_001_AccountRegistration" time="7.536" errors="0" timestamp="2021-06-03T17:57:46 IST" skipped="0">
  <testcase classname="testCases.TC_001_AccountRegistration" name="test_account_Registration" time="7.536"/>
  <system-out/>
</testsuite> <!-- testCases.TC_001_AccountRegistration -->
