<?xml version="1.0" encoding="UTF-8"?>
<!-- Generated by org.testng.reporters.JUnitReportReporter -->
<testsuite hostname="LAPTOP-AI95LTCT" failures="0" tests="4" name="testCases.TC_003_LoginDTT" time="51.413" errors="0" timestamp="2021-06-02T22:58:17 IST" skipped="0">
  <testcase classname="testCases.TC_003_LoginDTT" name="test_LoginDTT" time="14.153"/>
  <system-out/>
  <testcase classname="testCases.TC_003_LoginDTT" name="test_LoginDTT" time="13.972"/>
  <system-out/>
  <testcase classname="testCases.TC_003_LoginDTT" name="test_LoginDTT" time="14.055"/>
  <system-out/>
  <testcase classname="testCases.TC_003_LoginDTT" name="test_LoginDTT" time="9.233"/>
  <system-out/>
</testsuite> <!-- testCases.TC_003_LoginDTT -->
