<?xml version="1.0" encoding="UTF-8"?>
<!-- Generated by org.testng.reporters.JUnitReportReporter -->
<testsuite skipped="0" hostname="LAPTOP-AI95LTCT" name="testCases.TC_001_AccountRegistration" tests="1" failures="0" timestamp="2021-06-04T09:26:36 IST" time="8.823" errors="0">
  <testcase name="test_account_Registration" time="8.823" classname="testCases.TC_001_AccountRegistration"/>
  <system-out/>
</testsuite> <!-- testCases.TC_001_AccountRegistration -->
