<?xml version="1.0" encoding="UTF-8"?>
<!-- Generated by org.testng.reporters.JUnitReportReporter -->
<testsuite skipped="0" hostname="LAPTOP-AI95LTCT" name="testCases.TC_002_Login" tests="1" failures="0" timestamp="2021-06-04T09:26:36 IST" time="8.708" errors="0">
  <testcase name="test_Login" time="8.708" classname="testCases.TC_002_Login"/>
  <system-out/>
</testsuite> <!-- testCases.TC_002_Login -->
